<?xml version="1.0" encoding="UTF-8"?>
<!-- Generated by org.testng.reporters.JUnitReportReporter -->
<testsuite hostname="BSG-LAPTOP-230" failures="0" tests="3" name="com.cbs.testcases.LoginPageTestcase" time="34.875" errors="0" timestamp="2023-07-05T18:36:34 IST" skipped="0">
  <testcase classname="com.cbs.testcases.LoginPageTestcase" name="loginPageTitletest" time="6.423"/>
  <system-out/>
  <testcase classname="com.cbs.testcases.LoginPageTestcase" name="maker_Login" time="12.867"/>
  <system-out/>
  <testcase classname="com.cbs.testcases.LoginPageTestcase" name="checker_Login" time="15.585"/>
  <system-out/>
</testsuite> <!-- com.cbs.testcases.LoginPageTestcase -->
