<?xml version="1.0" encoding="UTF-8"?>
<!-- Generated by org.testng.reporters.JUnitReportReporter -->
<testsuite hostname="BSG-LAPTOP-230" failures="0" tests="4" name="com.cbs.testcases.LoanTestCases" time="233.778" errors="0" timestamp="2023-04-24T15:19:01 IST" skipped="0">
  <testcase classname="com.cbs.testcases.LoanTestCases" name="CashCreditAccountTest" time="72.602"/>
  <system-out/>
  <testcase classname="com.cbs.testcases.LoanTestCases" name="authCashCreditAccountTest" time="47.094"/>
  <system-out/>
  <testcase classname="com.cbs.testcases.LoanTestCases" name="AddCCLaonSerurityTest" time="69.898"/>
  <system-out/>
  <testcase classname="com.cbs.testcases.LoanTestCases" name="authAddCCLaonSerurityTest" time="44.184"/>
  <system-out/>
</testsuite> <!-- com.cbs.testcases.LoanTestCases -->
